<?xml version="1.0" encoding="UTF-8"?>
<!-- Generated by org.testng.reporters.JUnitReportReporter -->
<testsuite skipped="0" hostname="Muratz-MacBook-Pro.local" name="qumu.RunnerTest" tests="3" failures="0" timestamp="2022-03-31T12:59:44 BST" time="0.196" errors="0">
  <testcase name="feature" time="0.176" classname="qumu.RunnerTest"/>
  <testcase name="feature" time="0.005" classname="qumu.RunnerTest"/>
  <testcase name="feature" time="0.015" classname="qumu.RunnerTest"/>
</testsuite> <!-- qumu.RunnerTest -->
